2020-02-18 00:24:03.8112|WARN|MVC_Intro.Controllers.ErrorController|404 Error Occured. Path = /img/photo_effects_filters_app.jpg and QueryString = 
2020-02-18 00:24:05.0236|WARN|MVC_Intro.Controllers.ErrorController|404 Error Occured. Path = /img/photo_effects_filters_app.jpg and QueryString = 
2020-02-18 09:03:33.0146|INFO|Microsoft.EntityFrameworkCore.Infrastructure|Entity Framework Core 2.2.6-servicing-10079 initialized 'DBContext' using provider 'Microsoft.EntityFrameworkCore.SqlServer' with options: None
2020-02-18 09:03:33.5813|INFO|Microsoft.EntityFrameworkCore.Database.Command|Executed DbCommand (30ms) [Parameters=[], CommandType='Text', CommandTimeout='30']
SELECT OBJECT_ID(N'[__EFMigrationsHistory]');
2020-02-18 09:03:33.8407|INFO|Microsoft.EntityFrameworkCore.Database.Command|Executed DbCommand (76ms) [Parameters=[], CommandType='Text', CommandTimeout='30']
CREATE TABLE [__EFMigrationsHistory] (
    [MigrationId] nvarchar(150) NOT NULL,
    [ProductVersion] nvarchar(32) NOT NULL,
    CONSTRAINT [PK___EFMigrationsHistory] PRIMARY KEY ([MigrationId])
);
2020-02-18 09:03:33.8407|INFO|Microsoft.EntityFrameworkCore.Database.Command|Executed DbCommand (1ms) [Parameters=[], CommandType='Text', CommandTimeout='30']
SELECT OBJECT_ID(N'[__EFMigrationsHistory]');
2020-02-18 09:03:33.8474|INFO|Microsoft.EntityFrameworkCore.Database.Command|Executed DbCommand (2ms) [Parameters=[], CommandType='Text', CommandTimeout='30']
SELECT [MigrationId], [ProductVersion]
FROM [__EFMigrationsHistory]
ORDER BY [MigrationId];
2020-02-18 09:03:33.8638|INFO|Microsoft.EntityFrameworkCore.Migrations|Applying migration '20200217084404_Initial'.
2020-02-18 09:03:34.0933|INFO|Microsoft.EntityFrameworkCore.Database.Command|Executed DbCommand (53ms) [Parameters=[], CommandType='Text', CommandTimeout='30']
CREATE TABLE [AspNetRoles] (
    [Id] nvarchar(450) NOT NULL,
    [Name] nvarchar(256) NULL,
    [NormalizedName] nvarchar(256) NULL,
    [ConcurrencyStamp] nvarchar(max) NULL,
    CONSTRAINT [PK_AspNetRoles] PRIMARY KEY ([Id])
);
2020-02-18 09:03:34.1321|INFO|Microsoft.EntityFrameworkCore.Database.Command|Executed DbCommand (37ms) [Parameters=[], CommandType='Text', CommandTimeout='30']
CREATE TABLE [AspNetUsers] (
    [Id] nvarchar(450) NOT NULL,
    [UserName] nvarchar(256) NULL,
    [NormalizedUserName] nvarchar(256) NULL,
    [Email] nvarchar(256) NULL,
    [NormalizedEmail] nvarchar(256) NULL,
    [EmailConfirmed] bit NOT NULL,
    [PasswordHash] nvarchar(max) NULL,
    [SecurityStamp] nvarchar(max) NULL,
    [ConcurrencyStamp] nvarchar(max) NULL,
    [PhoneNumber] nvarchar(max) NULL,
    [PhoneNumberConfirmed] bit NOT NULL,
    [TwoFactorEnabled] bit NOT NULL,
    [LockoutEnd] datetimeoffset NULL,
    [LockoutEnabled] bit NOT NULL,
    [AccessFailedCount] int NOT NULL,
    CONSTRAINT [PK_AspNetUsers] PRIMARY KEY ([Id])
);
2020-02-18 09:03:34.1474|INFO|Microsoft.EntityFrameworkCore.Database.Command|Executed DbCommand (14ms) [Parameters=[], CommandType='Text', CommandTimeout='30']
CREATE TABLE [Blog] (
    [id] int NOT NULL IDENTITY,
    [author] nvarchar(30) NOT NULL,
    [title] nvarchar(100) NOT NULL,
    [preview] nvarchar(max) NOT NULL,
    [fullPost] nvarchar(max) NOT NULL,
    [img] nvarchar(max) NULL,
    CONSTRAINT [PK_Blog] PRIMARY KEY ([id])
);
2020-02-18 09:03:34.1690|INFO|Microsoft.EntityFrameworkCore.Database.Command|Executed DbCommand (15ms) [Parameters=[], CommandType='Text', CommandTimeout='30']
CREATE TABLE [AspNetRoleClaims] (
    [Id] int NOT NULL IDENTITY,
    [RoleId] nvarchar(450) NOT NULL,
    [ClaimType] nvarchar(max) NULL,
    [ClaimValue] nvarchar(max) NULL,
    CONSTRAINT [PK_AspNetRoleClaims] PRIMARY KEY ([Id]),
    CONSTRAINT [FK_AspNetRoleClaims_AspNetRoles_RoleId] FOREIGN KEY ([RoleId]) REFERENCES [AspNetRoles] ([Id]) ON DELETE CASCADE
);
2020-02-18 09:03:34.3957|INFO|Microsoft.EntityFrameworkCore.Database.Command|Executed DbCommand (13ms) [Parameters=[], CommandType='Text', CommandTimeout='30']
CREATE TABLE [AspNetUserClaims] (
    [Id] int NOT NULL IDENTITY,
    [UserId] nvarchar(450) NOT NULL,
    [ClaimType] nvarchar(max) NULL,
    [ClaimValue] nvarchar(max) NULL,
    CONSTRAINT [PK_AspNetUserClaims] PRIMARY KEY ([Id]),
    CONSTRAINT [FK_AspNetUserClaims_AspNetUsers_UserId] FOREIGN KEY ([UserId]) REFERENCES [AspNetUsers] ([Id]) ON DELETE CASCADE
);
2020-02-18 09:03:34.4308|INFO|Microsoft.EntityFrameworkCore.Database.Command|Executed DbCommand (34ms) [Parameters=[], CommandType='Text', CommandTimeout='30']
CREATE TABLE [AspNetUserLogins] (
    [LoginProvider] nvarchar(450) NOT NULL,
    [ProviderKey] nvarchar(450) NOT NULL,
    [ProviderDisplayName] nvarchar(max) NULL,
    [UserId] nvarchar(450) NOT NULL,
    CONSTRAINT [PK_AspNetUserLogins] PRIMARY KEY ([LoginProvider], [ProviderKey]),
    CONSTRAINT [FK_AspNetUserLogins_AspNetUsers_UserId] FOREIGN KEY ([UserId]) REFERENCES [AspNetUsers] ([Id]) ON DELETE CASCADE
);
2020-02-18 09:03:34.4442|INFO|Microsoft.EntityFrameworkCore.Database.Command|Executed DbCommand (12ms) [Parameters=[], CommandType='Text', CommandTimeout='30']
CREATE TABLE [AspNetUserRoles] (
    [UserId] nvarchar(450) NOT NULL,
    [RoleId] nvarchar(450) NOT NULL,
    CONSTRAINT [PK_AspNetUserRoles] PRIMARY KEY ([UserId], [RoleId]),
    CONSTRAINT [FK_AspNetUserRoles_AspNetRoles_RoleId] FOREIGN KEY ([RoleId]) REFERENCES [AspNetRoles] ([Id]) ON DELETE CASCADE,
    CONSTRAINT [FK_AspNetUserRoles_AspNetUsers_UserId] FOREIGN KEY ([UserId]) REFERENCES [AspNetUsers] ([Id]) ON DELETE CASCADE
);
2020-02-18 09:03:35.6630|INFO|Microsoft.EntityFrameworkCore.Database.Command|Executed DbCommand (23ms) [Parameters=[], CommandType='Text', CommandTimeout='30']
CREATE TABLE [AspNetUserTokens] (
    [UserId] nvarchar(450) NOT NULL,
    [LoginProvider] nvarchar(450) NOT NULL,
    [Name] nvarchar(450) NOT NULL,
    [Value] nvarchar(max) NULL,
    CONSTRAINT [PK_AspNetUserTokens] PRIMARY KEY ([UserId], [LoginProvider], [Name]),
    CONSTRAINT [FK_AspNetUserTokens_AspNetUsers_UserId] FOREIGN KEY ([UserId]) REFERENCES [AspNetUsers] ([Id]) ON DELETE CASCADE
);
2020-02-18 09:03:35.6630|INFO|Microsoft.EntityFrameworkCore.Database.Command|Executed DbCommand (1ms) [Parameters=[], CommandType='Text', CommandTimeout='30']
CREATE INDEX [IX_AspNetRoleClaims_RoleId] ON [AspNetRoleClaims] ([RoleId]);
2020-02-18 09:03:35.6757|INFO|Microsoft.EntityFrameworkCore.Database.Command|Executed DbCommand (9ms) [Parameters=[], CommandType='Text', CommandTimeout='30']
CREATE UNIQUE INDEX [RoleNameIndex] ON [AspNetRoles] ([NormalizedName]) WHERE [NormalizedName] IS NOT NULL;
2020-02-18 09:03:35.6757|INFO|Microsoft.EntityFrameworkCore.Database.Command|Executed DbCommand (1ms) [Parameters=[], CommandType='Text', CommandTimeout='30']
CREATE INDEX [IX_AspNetUserClaims_UserId] ON [AspNetUserClaims] ([UserId]);
2020-02-18 09:03:35.6757|INFO|Microsoft.EntityFrameworkCore.Database.Command|Executed DbCommand (1ms) [Parameters=[], CommandType='Text', CommandTimeout='30']
CREATE INDEX [IX_AspNetUserLogins_UserId] ON [AspNetUserLogins] ([UserId]);
2020-02-18 09:03:35.6757|INFO|Microsoft.EntityFrameworkCore.Database.Command|Executed DbCommand (1ms) [Parameters=[], CommandType='Text', CommandTimeout='30']
CREATE INDEX [IX_AspNetUserRoles_RoleId] ON [AspNetUserRoles] ([RoleId]);
2020-02-18 09:03:35.6757|INFO|Microsoft.EntityFrameworkCore.Database.Command|Executed DbCommand (1ms) [Parameters=[], CommandType='Text', CommandTimeout='30']
CREATE INDEX [EmailIndex] ON [AspNetUsers] ([NormalizedEmail]);
2020-02-18 09:03:35.6898|INFO|Microsoft.EntityFrameworkCore.Database.Command|Executed DbCommand (1ms) [Parameters=[], CommandType='Text', CommandTimeout='30']
CREATE UNIQUE INDEX [UserNameIndex] ON [AspNetUsers] ([NormalizedUserName]) WHERE [NormalizedUserName] IS NOT NULL;
2020-02-18 09:03:36.8591|INFO|Microsoft.EntityFrameworkCore.Database.Command|Executed DbCommand (4ms) [Parameters=[], CommandType='Text', CommandTimeout='30']
INSERT INTO [__EFMigrationsHistory] ([MigrationId], [ProductVersion])
VALUES (N'20200217084404_Initial', N'2.2.6-servicing-10079');
2020-02-18 09:03:36.8613|INFO|Microsoft.EntityFrameworkCore.Migrations|Applying migration '20200217084410_AddingIdentity'.
2020-02-18 09:03:37.3718|ERROR|Microsoft.EntityFrameworkCore.Database.Command|Failed executing DbCommand (58ms) [Parameters=[], CommandType='Text', CommandTimeout='30']
CREATE TABLE [AspNetRoles] (
    [Id] nvarchar(450) NOT NULL,
    [Name] nvarchar(256) NULL,
    [NormalizedName] nvarchar(256) NULL,
    [ConcurrencyStamp] nvarchar(max) NULL,
    CONSTRAINT [PK_AspNetRoles] PRIMARY KEY ([Id])
);
2020-02-18 09:03:56.1072|WARN|MVC_Intro.Controllers.ErrorController|404 Error Occured. Path = /img/free-stock-photo-sites-2019-620x414.jpg and QueryString = 
2020-02-18 10:28:09.7706|TRACE|MVC_Intro.Controllers.BlogController|Trace Log
2020-02-18 10:28:09.9121|DEBUG|MVC_Intro.Controllers.BlogController|Debug Log
2020-02-18 10:28:09.9121|INFO|MVC_Intro.Controllers.BlogController|Information Log
2020-02-18 10:28:09.9121|WARN|MVC_Intro.Controllers.BlogController|Warning Log
2020-02-18 10:28:09.9121|ERROR|MVC_Intro.Controllers.BlogController|Error Log
2020-02-18 10:28:09.9121|FATAL|MVC_Intro.Controllers.BlogController|Critical Log
2020-02-18 10:29:01.1849|TRACE|MVC_Intro.Controllers.BlogController|Trace Log
2020-02-18 10:29:01.1849|DEBUG|MVC_Intro.Controllers.BlogController|Debug Log
2020-02-18 10:29:01.1849|INFO|MVC_Intro.Controllers.BlogController|Information Log
2020-02-18 10:29:01.1917|WARN|MVC_Intro.Controllers.BlogController|Warning Log
2020-02-18 10:29:01.1917|ERROR|MVC_Intro.Controllers.BlogController|Error Log
2020-02-18 10:29:01.1917|FATAL|MVC_Intro.Controllers.BlogController|Critical Log
2020-02-18 10:29:34.5426|TRACE|MVC_Intro.Controllers.BlogController|Trace Log
2020-02-18 10:29:34.5426|DEBUG|MVC_Intro.Controllers.BlogController|Debug Log
2020-02-18 10:29:34.5504|INFO|MVC_Intro.Controllers.BlogController|Information Log
2020-02-18 10:29:34.5504|WARN|MVC_Intro.Controllers.BlogController|Warning Log
2020-02-18 10:29:34.5504|ERROR|MVC_Intro.Controllers.BlogController|Error Log
2020-02-18 10:29:34.5504|FATAL|MVC_Intro.Controllers.BlogController|Critical Log
